빌드 시작: 2017-07-25 오전 2:18:22
     1>2 노드의 "C:\Users\equse\Desktop\sunrin_thon\앤진\Engine Final_2010.vcxproj" 프로젝트(Build 대상)입니다.
     1>ClCompile:
         C:\Program Files (x86)\Microsoft Visual Studio 12.0\VC\bin\CL.exe /c /IDXUT\Core /IDXUT\Optional /ZI /nologo /W4 /WX- /Od /Oi /Oy- /D WIN32 /D _DEBUG /D DEBUG /D PROFILE /D _WINDOWS /D D3DXFX_LARGEADDRESS_HANDLE /D _UNICODE /D UNICODE /Gm- /EHsc /RTC1 /MDd /GS /arch:SSE2 /fp:fast /Zc:wchar_t /Zc:forScope /openmp- /Yu"DXUT.h" /Fp"Debug\Engine Final.pch" /Fo"Debug\\" /Fd"Debug\vc120.pdb" /Gd /TP /analyze- /errorReport:prompt  Unit.cpp
         Unit.cpp
     1>c:\users\equse\desktop\sunrin_thon\앤진\define.h(45): warning C4238: 비표준 확장이 사용됨 : 클래스 rvalue를 lvalue로 사용했습니다.
       Link:
         C:\Program Files (x86)\Microsoft Visual Studio 12.0\VC\bin\link.exe /ERRORREPORT:PROMPT /OUT:"C:\Users\equse\Desktop\sunrin_thon\앤진\Debug\Engine Final.exe" /INCREMENTAL /NOLOGO dsound.lib d3dx10d.lib d3dx9d.lib dxerr.lib dxguid.lib winmm.lib comctl32.lib kernel32.lib user32.lib gdi32.lib winspool.lib comdlg32.lib advapi32.lib shell32.lib ole32.lib oleaut32.lib uuid.lib odbc32.lib odbccp32.lib /MANIFEST /MANIFESTUAC:"level='asInvoker' uiAccess='false'" /manifest:embed /manifestinput:"C:\Program Files (x86)\Microsoft Visual Studio 12.0\VC\Include\Manifest\dpiaware.manifest" /DEBUG /PDB:"C:\Users\equse\Desktop\sunrin_thon\앤진\Debug\Engine Final.pdb" /SUBSYSTEM:CONSOLE /LARGEADDRESSAWARE /TLBID:1 /DYNAMICBASE /NXCOMPAT /IMPLIB:"C:\Users\equse\Desktop\sunrin_thon\앤진\Debug\Engine Final.lib" /MACHINE:X86 /SAFESEH  "Debug\Engine Final.res"
         Debug\Animation.obj
         Debug\BoxObject.obj
         Debug\Bullet.obj
         Debug\CircleObject.obj
         Debug\Clip.obj
         Debug\SDKsound.obj
         Debug\SDKwavefile.obj
         Debug\Emitter.obj
         Debug\Entity.obj
         Debug\GameScene.obj
         Debug\Item.obj
         Debug\main.obj
         Debug\Scene.obj
         Debug\SkillState.obj
         Debug\Sprite.obj
         Debug\Text.obj
         Debug\Texture.obj
         Debug\Timer.obj
         Debug\Unit.obj
         Debug\UnitState.obj
         Debug\World.obj
         Debug\Asset.obj
         Debug\DXUT.obj
         Debug\DXUTenum.obj
         Debug\DXUTmisc.obj
         Debug\DXUTcamera.obj
         Debug\DXUTgui.obj
         Debug\DXUTres.obj
         Debug\DXUTsettingsdlg.obj
         Debug\SDKmesh.obj
         Debug\SDKmisc.obj
         Engine Final_2010.vcxproj -> C:\Users\equse\Desktop\sunrin_thon\앤진\Debug\Engine Final.exe
     1>"C:\Users\equse\Desktop\sunrin_thon\앤진\Engine Final_2010.vcxproj" 프로젝트를 빌드했습니다(Build 대상).

빌드했습니다.

경과 시간: 00:00:01.19
